Removed Pin From Net: NetName=GND Pin=APDS9960-2
Removed Pin From Net: NetName=+3V3 Pin=APDS9960-3
Removed Pin From Net: NetName=PB9_I2C_SDA Pin=APDS9960-4
Removed Pin From Net: NetName=PB8_I2C_SCL Pin=APDS9960-5
Removed Pin From Net: NetName=GND Pin=B0-1
Removed Pin From Net: NetName=GND Pin=B1-1
Removed Pin From Net: NetName=GND Pin=B2-1
Removed Pin From Net: NetName=GND Pin=B3-1
Removed Pin From Net: NetName=GND Pin=B4-1
Removed Pin From Net: NetName=+5V Pin=BMP180-1
Removed Pin From Net: NetName=GND Pin=BMP180-2
Removed Pin From Net: NetName=PB8_I2C_SCL Pin=BMP180-3
Removed Pin From Net: NetName=PB9_I2C_SDA Pin=BMP180-4
Removed Pin From Net: NetName=GND Pin=CB0-1
Removed Pin From Net: NetName=GND Pin=CB1-1
Removed Pin From Net: NetName=GND Pin=CB2-1
Removed Pin From Net: NetName=GND Pin=CB3-1
Removed Pin From Net: NetName=GND Pin=CB4-1
Removed Pin From Net: NetName=GND Pin=Cd?-1
Removed Pin From Net: NetName=+5V Pin=Cd?-2
Removed Pin From Net: NetName=GND Pin=CdExp-1
Removed Pin From Net: NetName=+3V3 Pin=CdExp-2
Removed Pin From Net: NetName=+5V Pin=Cdt-1
Removed Pin From Net: NetName=GND Pin=Cdt-2
Removed Pin From Net: NetName=GND Pin=CdUand-1
Removed Pin From Net: NetName=+5V_Puissance Pin=CdUand-2
Removed Pin From Net: NetName=+5V_Puissance Pin=CdWS2812-1
Removed Pin From Net: NetName=GND Pin=CdWS2812-2
Removed Pin From Net: NetName=GND Pin=CfDACout-1
Removed Pin From Net: NetName=GND Pin=Cft-2
Removed Pin From Net: NetName=GND Pin=Cmot0-1
Removed Pin From Net: NetName=VCC Pin=Cmot0-2
Removed Pin From Net: NetName=GND Pin=Cmot1-1
Removed Pin From Net: NetName=VCC Pin=Cmot1-2
Removed Pin From Net: NetName=GND Pin=CNY70-2
Removed Pin From Net: NetName=GND Pin=CNY70-3
Removed Pin From Net: NetName=GND Pin=D1-2
Removed Pin From Net: NetName=GND Pin=D2-2
Removed Pin From Net: NetName=GND Pin=D3-2
Removed Pin From Net: NetName=GND Pin=D4-2
Removed Pin From Net: NetName=GND Pin=D5-2
Removed Pin From Net: NetName=GND Pin=D6-2
Removed Pin From Net: NetName=GND Pin=D7-2
Removed Pin From Net: NetName=+3V3 Pin=DHT11-1
Removed Pin From Net: NetName=+3V3 Pin=DHT11-1
Removed Pin From Net: NetName=GND Pin=DHT11-4
Removed Pin From Net: NetName=GND Pin=DHT11-4
Removed Pin From Net: NetName=+3V3 Pin=ExpA0-1
Removed Pin From Net: NetName=GND Pin=ExpA0-3
Removed Pin From Net: NetName=+3V3 Pin=ExpA1-1
Removed Pin From Net: NetName=GND Pin=ExpA1-3
Removed Pin From Net: NetName=+3V3 Pin=ExpA2-1
Removed Pin From Net: NetName=GND Pin=ExpA2-3
Removed Pin From Net: NetName=+3V3 Pin=GPIOExpander-9
Removed Pin From Net: NetName=GND Pin=GPIOExpander-10
Removed Pin From Net: NetName=PB8_I2C_SCL Pin=GPIOExpander-12
Removed Pin From Net: NetName=PB9_I2C_SDA Pin=GPIOExpander-13
Removed Pin From Net: NetName=+5V Pin=IC?-1
Removed Pin From Net: NetName=GND Pin=IC?-7
Removed Pin From Net: NetName=GND Pin=J_analogSensor-1
Removed Pin From Net: NetName=+3V3 Pin=J_analogSensor-3
Removed Pin From Net: NetName=PA9 Pin=JArd-CN5-1
Removed Pin From Net: NetName=PB7_U1RX Pin=JArd-CN5-2
Removed Pin From Net: NetName=PB6_U1TX Pin=JArd-CN5-3
Removed Pin From Net: NetName=GND Pin=JArd-CN5-7
Removed Pin From Net: NetName=+3V3 Pin=JArd-CN5-8
Removed Pin From Net: NetName=PB9_I2C_SDA Pin=JArd-CN5-9
Removed Pin From Net: NetName=PB8_I2C_SCL Pin=JArd-CN5-10
Removed Pin From Net: NetName=+3V3 Pin=JArd-CN6-2
Removed Pin From Net: NetName=+3V3 Pin=JArd-CN6-4
Removed Pin From Net: NetName=+5V Pin=JArd-CN6-5
Removed Pin From Net: NetName=GND Pin=JArd-CN6-6
Removed Pin From Net: NetName=GND Pin=JArd-CN6-7
Removed Pin From Net: NetName=PA0_AN0 Pin=JArd-CN8-1
Removed Pin From Net: NetName=PA1_AN1 Pin=JArd-CN8-2
Removed Pin From Net: NetName=PA3_U2RX Pin=JArd-CN9-1
Removed Pin From Net: NetName=PA2_U2TX Pin=JArd-CN9-2
Removed Pin From Net: NetName=PA10 Pin=JArd-CN9-3
Removed Pin From Net: NetName=PB3 Pin=JArd-CN9-4
Removed Pin From Net: NetName=PB5 Pin=JArd-CN9-5
Removed Pin From Net: NetName=PB4 Pin=JArd-CN9-6
Removed Pin From Net: NetName=PA8 Pin=JArd-CN9-8
Removed Pin From Net: NetName=GND Pin=JchargeP0-2
Removed Pin From Net: NetName=+3V3 Pin=JOY-1
Removed Pin From Net: NetName=GND Pin=JOY-3
Removed Pin From Net: NetName=+3V3 Pin=JOY-4
Removed Pin From Net: NetName=GND Pin=JOY-6
Removed Pin From Net: NetName=GND Pin=JOY-7
Removed Pin From Net: NetName=GND Pin=JOY-7
Removed Pin From Net: NetName=+3V3 Pin=LDR5506-2
Removed Pin From Net: NetName=GND Pin=MatLED-1
Removed Pin From Net: NetName=+5V_Puissance Pin=MatLED-3
Removed Pin From Net: NetName=+3V3 Pin=MAX4466-1
Removed Pin From Net: NetName=GND Pin=MAX4466-3
Removed Pin From Net: NetName=GND Pin=MPU6050-2
Removed Pin From Net: NetName=PB8_I2C_SCL Pin=MPU6050-3
Removed Pin From Net: NetName=PB9_I2C_SDA Pin=MPU6050-4
Removed Pin From Net: NetName=GND Pin=PT0-1
Removed Pin From Net: NetName=+3V3 Pin=PT0-3
Removed Pin From Net: NetName=GND Pin=PT1-1
Removed Pin From Net: NetName=+3V3 Pin=PT1-3
Removed Pin From Net: NetName=GND Pin=QnMOS0-2
Removed Pin From Net: NetName=GND Pin=QnMOS1-2
Removed Pin From Net: NetName=GND Pin=QnMOS2-3
Removed Pin From Net: NetName=GND Pin=QnMOS3-3
Removed Pin From Net: NetName=+3V3 Pin=QpMOS-2
Removed Pin From Net: NetName=GND Pin=Recho--1
Removed Pin From Net: NetName=+3V3 Pin=Rkpu0-2
Removed Pin From Net: NetName=+3V3 Pin=Rkpu1-2
Removed Pin From Net: NetName=+3V3 Pin=Rkpu2-2
Removed Pin From Net: NetName=+3V3 Pin=Rkpu3-2
Removed Pin From Net: NetName=+3V3 Pin=Rkpu4-2
Removed Pin From Net: NetName=+3V3 Pin=Rkpu5-2
Removed Pin From Net: NetName=+3V3 Pin=Rkpu6-2
Removed Pin From Net: NetName=+3V3 Pin=Rkpu7-2
Removed Pin From Net: NetName=GND Pin=RpdLDR-2
Removed Pin From Net: NetName=+3V3 Pin=RpuB0-2
Removed Pin From Net: NetName=+3V3 Pin=RpuB1-2
Removed Pin From Net: NetName=+3V3 Pin=RpuB2-2
Removed Pin From Net: NetName=+3V3 Pin=RpuB3-2
Removed Pin From Net: NetName=+3V3 Pin=RpuB4-2
Removed Pin From Net: NetName=+3V3 Pin=RpuCNY-1
Removed Pin From Net: NetName=+3V3 Pin=RpuDHT11-1
Removed Pin From Net: NetName=+3V3 Pin=RpuJoy-2
Removed Pin From Net: NetName=GND Pin=RpullMos0-1
Removed Pin From Net: NetName=GND Pin=RpullMos1-1
Removed Pin From Net: NetName=GND Pin=RpullMos2-1
Removed Pin From Net: NetName=GND Pin=RpullMos3-1
Removed Pin From Net: NetName=+3V3 Pin=RpullMosP-2
Removed Pin From Net: NetName=PB8_I2C_SCL Pin=RpuSCL-1
Removed Pin From Net: NetName=+3V3 Pin=RpuSCL-2
Removed Pin From Net: NetName=PB9_I2C_SDA Pin=RpuSDA-1
Removed Pin From Net: NetName=+3V3 Pin=RpuSDA-2
Removed Pin From Net: NetName=+5V Pin=Rref+?-1
Removed Pin From Net: NetName=GND Pin=Rref-?-2
Removed Pin From Net: NetName=+5V Pin=RsCNY-1
Removed Pin From Net: NetName=GND Pin=Servo1-1
Removed Pin From Net: NetName=+5V_Puissance Pin=Servo1-2
Removed Pin From Net: NetName=GND Pin=Servo2-1
Removed Pin From Net: NetName=+5V_Puissance Pin=Servo2-2
Removed Pin From Net: NetName=GND Pin=Servo3-1
Removed Pin From Net: NetName=+5V_Puissance Pin=Servo3-2
Removed Pin From Net: NetName=GND Pin=SMA13-2
Removed Pin From Net: NetName=GND Pin=Uand-3
Removed Pin From Net: NetName=+5V_Puissance Pin=Uand-5
Removed Pin From Net: NetName=VCC Pin=Umot0-2
Removed Pin From Net: NetName=VCC Pin=Umot0-3
Removed Pin From Net: NetName=VCC Pin=Umot0-6
Removed Pin From Net: NetName=GND Pin=Umot0-8
Removed Pin From Net: NetName=VCC Pin=Umot1-2
Removed Pin From Net: NetName=VCC Pin=Umot1-3
Removed Pin From Net: NetName=VCC Pin=Umot1-6
Removed Pin From Net: NetName=GND Pin=Umot1-8
Removed Pin From Net: NetName=+5V Pin=US-1
Removed Pin From Net: NetName=GND Pin=US-4
Removed Pin From Net: NetName=+5V Pin=Utemp-1
Removed Pin From Net: NetName=GND Pin=Utemp-3
Removed Member From Class: ClassName=projet_pcb_bluepill_f103 Member=APDS9960
Removed Member From Class: ClassName=projet_pcb_bluepill_f103 Member=B0
Removed Member From Class: ClassName=projet_pcb_bluepill_f103 Member=B1
Removed Member From Class: ClassName=projet_pcb_bluepill_f103 Member=B2
Removed Member From Class: ClassName=projet_pcb_bluepill_f103 Member=B3
Removed Member From Class: ClassName=projet_pcb_bluepill_f103 Member=B4
Removed Member From Class: ClassName=projet_pcb_bluepill_f103 Member=BMP180
Removed Member From Class: ClassName=projet_pcb_bluepill_f103 Member=CB0
Removed Member From Class: ClassName=projet_pcb_bluepill_f103 Member=CB1
Removed Member From Class: ClassName=projet_pcb_bluepill_f103 Member=CB2
Removed Member From Class: ClassName=projet_pcb_bluepill_f103 Member=CB3
Removed Member From Class: ClassName=projet_pcb_bluepill_f103 Member=CB4
Removed Member From Class: ClassName=projet_pcb_bluepill_f103 Member=Cd?
Removed Member From Class: ClassName=projet_pcb_bluepill_f103 Member=CdExp
Removed Member From Class: ClassName=projet_pcb_bluepill_f103 Member=Cdt
Removed Member From Class: ClassName=projet_pcb_bluepill_f103 Member=CdUand
Removed Member From Class: ClassName=projet_pcb_bluepill_f103 Member=CdWS2812
Removed Member From Class: ClassName=projet_pcb_bluepill_f103 Member=CfDACout
Removed Member From Class: ClassName=projet_pcb_bluepill_f103 Member=Cft
Removed Member From Class: ClassName=projet_pcb_bluepill_f103 Member=CL1
Removed Member From Class: ClassName=projet_pcb_bluepill_f103 Member=Cmot0
Removed Member From Class: ClassName=projet_pcb_bluepill_f103 Member=Cmot1
Removed Member From Class: ClassName=projet_pcb_bluepill_f103 Member=CNY70
Removed Member From Class: ClassName=projet_pcb_bluepill_f103 Member=D1
Removed Member From Class: ClassName=projet_pcb_bluepill_f103 Member=D2
Removed Member From Class: ClassName=projet_pcb_bluepill_f103 Member=D3
Removed Member From Class: ClassName=projet_pcb_bluepill_f103 Member=D4
Removed Member From Class: ClassName=projet_pcb_bluepill_f103 Member=D5
Removed Member From Class: ClassName=projet_pcb_bluepill_f103 Member=D6
Removed Member From Class: ClassName=projet_pcb_bluepill_f103 Member=D7
Removed Member From Class: ClassName=projet_pcb_bluepill_f103 Member=DHT11
Removed Member From Class: ClassName=projet_pcb_bluepill_f103 Member=ExpA0
Removed Member From Class: ClassName=projet_pcb_bluepill_f103 Member=ExpA1
Removed Member From Class: ClassName=projet_pcb_bluepill_f103 Member=ExpA2
Removed Member From Class: ClassName=projet_pcb_bluepill_f103 Member=ExpA
Removed Member From Class: ClassName=projet_pcb_bluepill_f103 Member=ExpB
Removed Member From Class: ClassName=projet_pcb_bluepill_f103 Member=GPIOExpander
Removed Member From Class: ClassName=projet_pcb_bluepill_f103 Member=IC?
Removed Member From Class: ClassName=projet_pcb_bluepill_f103 Member=J_analogSensor
Removed Member From Class: ClassName=projet_pcb_bluepill_f103 Member=JArd
Removed Member From Class: ClassName=projet_pcb_bluepill_f103 Member=Jcharge0
Removed Member From Class: ClassName=projet_pcb_bluepill_f103 Member=Jcharge1
Removed Member From Class: ClassName=projet_pcb_bluepill_f103 Member=Jcharge2
Removed Member From Class: ClassName=projet_pcb_bluepill_f103 Member=Jcharge3
Removed Member From Class: ClassName=projet_pcb_bluepill_f103 Member=JchargeP0
Removed Member From Class: ClassName=projet_pcb_bluepill_f103 Member=JOY
Removed Member From Class: ClassName=projet_pcb_bluepill_f103 Member=LDR5506
Removed Member From Class: ClassName=projet_pcb_bluepill_f103 Member=MatLED
Removed Member From Class: ClassName=projet_pcb_bluepill_f103 Member=MAX4466
Removed Member From Class: ClassName=projet_pcb_bluepill_f103 Member=MOT0
Removed Member From Class: ClassName=projet_pcb_bluepill_f103 Member=MOT1
Removed Member From Class: ClassName=projet_pcb_bluepill_f103 Member=MPU6050
Removed Member From Class: ClassName=projet_pcb_bluepill_f103 Member=Psma13
Removed Member From Class: ClassName=projet_pcb_bluepill_f103 Member=PT0
Removed Member From Class: ClassName=projet_pcb_bluepill_f103 Member=PT1
Removed Member From Class: ClassName=projet_pcb_bluepill_f103 Member=QnMOS0
Removed Member From Class: ClassName=projet_pcb_bluepill_f103 Member=QnMOS1
Removed Member From Class: ClassName=projet_pcb_bluepill_f103 Member=QnMOS2
Removed Member From Class: ClassName=projet_pcb_bluepill_f103 Member=QnMOS3
Removed Member From Class: ClassName=projet_pcb_bluepill_f103 Member=QpMOS
Removed Member From Class: ClassName=projet_pcb_bluepill_f103 Member=Recho+
Removed Member From Class: ClassName=projet_pcb_bluepill_f103 Member=Recho-
Removed Member From Class: ClassName=projet_pcb_bluepill_f103 Member=RfDACout
Removed Member From Class: ClassName=projet_pcb_bluepill_f103 Member=Rft
Removed Member From Class: ClassName=projet_pcb_bluepill_f103 Member=Rkpu0
Removed Member From Class: ClassName=projet_pcb_bluepill_f103 Member=Rkpu1
Removed Member From Class: ClassName=projet_pcb_bluepill_f103 Member=Rkpu2
Removed Member From Class: ClassName=projet_pcb_bluepill_f103 Member=Rkpu3
Removed Member From Class: ClassName=projet_pcb_bluepill_f103 Member=Rkpu4
Removed Member From Class: ClassName=projet_pcb_bluepill_f103 Member=Rkpu5
Removed Member From Class: ClassName=projet_pcb_bluepill_f103 Member=Rkpu6
Removed Member From Class: ClassName=projet_pcb_bluepill_f103 Member=Rkpu7
Removed Member From Class: ClassName=projet_pcb_bluepill_f103 Member=RLed1
Removed Member From Class: ClassName=projet_pcb_bluepill_f103 Member=RLed2
Removed Member From Class: ClassName=projet_pcb_bluepill_f103 Member=RLed3
Removed Member From Class: ClassName=projet_pcb_bluepill_f103 Member=RLed4
Removed Member From Class: ClassName=projet_pcb_bluepill_f103 Member=RLed5
Removed Member From Class: ClassName=projet_pcb_bluepill_f103 Member=RLed6
Removed Member From Class: ClassName=projet_pcb_bluepill_f103 Member=RLed7
Removed Member From Class: ClassName=projet_pcb_bluepill_f103 Member=RpdLDR
Removed Member From Class: ClassName=projet_pcb_bluepill_f103 Member=RpuB0
Removed Member From Class: ClassName=projet_pcb_bluepill_f103 Member=RpuB1
Removed Member From Class: ClassName=projet_pcb_bluepill_f103 Member=RpuB2
Removed Member From Class: ClassName=projet_pcb_bluepill_f103 Member=RpuB3
Removed Member From Class: ClassName=projet_pcb_bluepill_f103 Member=RpuB4
Removed Member From Class: ClassName=projet_pcb_bluepill_f103 Member=RpuCNY
Removed Member From Class: ClassName=projet_pcb_bluepill_f103 Member=RpuDHT11
Removed Member From Class: ClassName=projet_pcb_bluepill_f103 Member=RpuJoy
Removed Member From Class: ClassName=projet_pcb_bluepill_f103 Member=RpullMos0
Removed Member From Class: ClassName=projet_pcb_bluepill_f103 Member=RpullMos1
Removed Member From Class: ClassName=projet_pcb_bluepill_f103 Member=RpullMos2
Removed Member From Class: ClassName=projet_pcb_bluepill_f103 Member=RpullMos3
Removed Member From Class: ClassName=projet_pcb_bluepill_f103 Member=RpullMosP
Removed Member From Class: ClassName=projet_pcb_bluepill_f103 Member=RpuSCL
Removed Member From Class: ClassName=projet_pcb_bluepill_f103 Member=RpuSDA
Removed Member From Class: ClassName=projet_pcb_bluepill_f103 Member=Rref+?
Removed Member From Class: ClassName=projet_pcb_bluepill_f103 Member=Rref-?
Removed Member From Class: ClassName=projet_pcb_bluepill_f103 Member=RsCNY
Removed Member From Class: ClassName=projet_pcb_bluepill_f103 Member=RsSMA
Removed Member From Class: ClassName=projet_pcb_bluepill_f103 Member=RsWS2812
Removed Member From Class: ClassName=projet_pcb_bluepill_f103 Member=Servo1
Removed Member From Class: ClassName=projet_pcb_bluepill_f103 Member=Servo2
Removed Member From Class: ClassName=projet_pcb_bluepill_f103 Member=Servo3
Removed Member From Class: ClassName=projet_pcb_bluepill_f103 Member=SMA13
Removed Member From Class: ClassName=projet_pcb_bluepill_f103 Member=Uand
Removed Member From Class: ClassName=projet_pcb_bluepill_f103 Member=Umot0
Removed Member From Class: ClassName=projet_pcb_bluepill_f103 Member=Umot1
Removed Member From Class: ClassName=projet_pcb_bluepill_f103 Member=US
Removed Member From Class: ClassName=projet_pcb_bluepill_f103 Member=Utemp
