Added Component: Designator=B4(BOUTON_POUSSE_PLAT_6x6)
Add component. Clean all parameters for all variants
Add component (AddParameter): Name = "Type"; Value = "B_POUSS_MINI_T"; VariantName = "[No Variations]"
Added Component: Designator=RpuB4(RESISTANCE_CMS_1206)
Add component. Clean all parameters for all variants
Add component (AddParameter): Name = "Type"; Value = "CMS_1206"; VariantName = "[No Variations]"
Add component (AddParameter): Name = "Value"; Value = "10k"; VariantName = "[No Variations]"
Added Component: Designator=Servo1(BARRETTE_3_M_D)
Add component. Clean all parameters for all variants
Add component (AddParameter): Name = "Type"; Value = "M_D_3"; VariantName = "[No Variations]"
Added Pin To Net: NetName=GND Pin=B4-1
Added Pin To Net: NetName=+3V3 Pin=RpuB4-2
Added Pin To Net: NetName=GND Pin=Servo1-1
Change Net Name : Old Net Name=servo0 New Net Name=PA8_PWM1
Added Pin To Net: NetName=NetB4_2 Pin=B4-2
Added Pin To Net: NetName=NetB4_2 Pin=RpuB4-1
Added Net: Name=NetB4_2
Added Pin To Net: NetName=PA9_PWM2 Pin=Servo1-3
Added Net: Name=PA9_PWM2
Added Member To Class: ClassName=projet_pcb_bluepill_f103 Member=Component B4 BOUTON_POUSSOIR_MINIATURE_TRAVERSANT
Added Member To Class: ClassName=projet_pcb_bluepill_f103 Member=Component RpuB4 RESISTANCE_CMS_1206
Added Member To Class: ClassName=projet_pcb_bluepill_f103 Member=Component Servo1 BARRETTE 3 CONTACTS 1 RANGEE MALE DROITE
